11-Apr-2021 11:43:48.841 INFO [main] org.apache.catalina.startup.VersionLoggerListener.log Server version name:   Apache Tomcat/10.0.5
11-Apr-2021 11:43:48.853 INFO [main] org.apache.catalina.startup.VersionLoggerListener.log Server built:          Mar 30 2021 08:19:50 UTC
11-Apr-2021 11:43:48.853 INFO [main] org.apache.catalina.startup.VersionLoggerListener.log Server version number: 10.0.5.0
11-Apr-2021 11:43:48.853 INFO [main] org.apache.catalina.startup.VersionLoggerListener.log OS Name:               Windows 10
11-Apr-2021 11:43:48.853 INFO [main] org.apache.catalina.startup.VersionLoggerListener.log Версия ОС:             10.0
11-Apr-2021 11:43:48.853 INFO [main] org.apache.catalina.startup.VersionLoggerListener.log Архитектура:           amd64
11-Apr-2021 11:43:48.853 INFO [main] org.apache.catalina.startup.VersionLoggerListener.log Java Home:             C:\Program Files\Java\jdk-16
11-Apr-2021 11:43:48.853 INFO [main] org.apache.catalina.startup.VersionLoggerListener.log Версия JVM:            16+36-2231
11-Apr-2021 11:43:48.853 INFO [main] org.apache.catalina.startup.VersionLoggerListener.log JVM Vendor:            Oracle Corporation
11-Apr-2021 11:43:48.853 INFO [main] org.apache.catalina.startup.VersionLoggerListener.log CATALINA_BASE:         C:\Users\01\IdeaProjects\02. Servlets\apache-tomcat-10.0.5
11-Apr-2021 11:43:48.853 INFO [main] org.apache.catalina.startup.VersionLoggerListener.log CATALINA_HOME:         C:\Users\01\IdeaProjects\02. Servlets\apache-tomcat-10.0.5
11-Apr-2021 11:43:48.864 INFO [main] org.apache.catalina.startup.VersionLoggerListener.log Command line argument: --add-opens=java.base/java.lang=ALL-UNNAMED
11-Apr-2021 11:43:48.865 INFO [main] org.apache.catalina.startup.VersionLoggerListener.log Command line argument: --add-opens=java.base/java.io=ALL-UNNAMED
11-Apr-2021 11:43:48.865 INFO [main] org.apache.catalina.startup.VersionLoggerListener.log Command line argument: --add-opens=java.base/java.util=ALL-UNNAMED
11-Apr-2021 11:43:48.865 INFO [main] org.apache.catalina.startup.VersionLoggerListener.log Command line argument: --add-opens=java.base/java.util.concurrent=ALL-UNNAMED
11-Apr-2021 11:43:48.865 INFO [main] org.apache.catalina.startup.VersionLoggerListener.log Command line argument: --add-opens=java.rmi/sun.rmi.transport=ALL-UNNAMED
11-Apr-2021 11:43:48.865 INFO [main] org.apache.catalina.startup.VersionLoggerListener.log Command line argument: -Djava.util.logging.config.file=C:\Users\01\IdeaProjects\02. Servlets\apache-tomcat-10.0.5\conf\logging.properties
11-Apr-2021 11:43:48.865 INFO [main] org.apache.catalina.startup.VersionLoggerListener.log Command line argument: -Djava.util.logging.manager=org.apache.juli.ClassLoaderLogManager
11-Apr-2021 11:43:48.865 INFO [main] org.apache.catalina.startup.VersionLoggerListener.log Command line argument: -Djdk.tls.ephemeralDHKeySize=2048
11-Apr-2021 11:43:48.865 INFO [main] org.apache.catalina.startup.VersionLoggerListener.log Command line argument: -Djava.protocol.handler.pkgs=org.apache.catalina.webresources
11-Apr-2021 11:43:48.865 INFO [main] org.apache.catalina.startup.VersionLoggerListener.log Command line argument: -Dignore.endorsed.dirs=
11-Apr-2021 11:43:48.865 INFO [main] org.apache.catalina.startup.VersionLoggerListener.log Command line argument: -Dcatalina.base=C:\Users\01\IdeaProjects\02. Servlets\apache-tomcat-10.0.5
11-Apr-2021 11:43:48.865 INFO [main] org.apache.catalina.startup.VersionLoggerListener.log Command line argument: -Dcatalina.home=C:\Users\01\IdeaProjects\02. Servlets\apache-tomcat-10.0.5
11-Apr-2021 11:43:48.865 INFO [main] org.apache.catalina.startup.VersionLoggerListener.log Command line argument: -Djava.io.tmpdir=C:\Users\01\IdeaProjects\02. Servlets\apache-tomcat-10.0.5\temp
11-Apr-2021 11:43:48.870 INFO [main] org.apache.catalina.core.AprLifecycleListener.lifecycleEvent The Apache Tomcat Native library which allows using OpenSSL was not found on the java.library.path: [C:\Program Files\Java\jdk-16\bin;C:\Windows\Sun\Java\bin;C:\Windows\system32;C:\Windows;C:\Users\01\bin;C:\Program Files\Git\mingw64\bin;C:\Program Files\Git\usr\local\bin;C:\Program Files\Git\usr\bin;C:\Program Files\Git\usr\bin;C:\Program Files\Git\mingw64\bin;C:\Program Files\Git\usr\bin;C:\Users\01\bin;C:\Program Files\Common Files\Oracle\Java\javapath;C:\Program Files (x86)\Common Files\Oracle\Java\javapath;C:\Windows\system32;C:\Windows;C:\Windows\System32\Wbem;C:\Windows\System32\WindowsPowerShell\v1.0;C:\Windows\System32\OpenSSH;C:\Program Files (x86)\NVIDIA Corporation\PhysX\Common;C:\Program Files\NVIDIA Corporation\NVIDIA NvDLISR;C:\Program Files\Git\cmd;C:\Program Files\Docker\Docker\resources\bin;C:\ProgramData\DockerDesktop\version-bin;C:\Program Files\Kubernetes\Minikube;C:\Program Files\MySQL\MySQL Shell 8.0\bin;C:\Users\01\AppData\Local\Microsoft\WindowsApps;C:\Program Files\Git\usr\bin\vendor_perl;C:\Program Files\Git\usr\bin\core_perl;.]
11-Apr-2021 11:43:49.062 INFO [main] org.apache.coyote.AbstractProtocol.init Initializing ProtocolHandler ["http-nio-8080"]
11-Apr-2021 11:43:49.078 INFO [main] org.apache.catalina.startup.Catalina.load Server initialization in [380] milliseconds
11-Apr-2021 11:43:49.109 INFO [main] org.apache.catalina.core.StandardService.startInternal Starting service [Catalina]
11-Apr-2021 11:43:49.109 INFO [main] org.apache.catalina.core.StandardEngine.startInternal Starting Servlet engine: [Apache Tomcat/10.0.5]
11-Apr-2021 11:43:49.125 WARNING [main] org.apache.catalina.core.StandardContext.setPath A context path must either be an empty string or start with a '/' and do not end with a '/'. The path [/] does not meet these criteria and has been changed to []
11-Apr-2021 11:43:49.125 INFO [main] org.apache.catalina.startup.HostConfig.deployWAR Deploying web application archive [C:\Users\01\IdeaProjects\02. Servlets\apache-tomcat-10.0.5\webapps\serlvets-1.0.war]
11-Apr-2021 11:43:50.024 INFO [main] org.apache.jasper.servlet.TldScanner.scanJars At least one JAR was scanned for TLDs yet contained no TLDs. Enable debug logging for this logger for a complete list of JARs that were scanned but no TLDs were found in them. Skipping unneeded JARs during scanning can improve startup time and JSP compilation time.
11-Apr-2021 11:43:50.697 INFO [main] org.apache.catalina.startup.HostConfig.deployWAR Deployment of web application archive [C:\Users\01\IdeaProjects\02. Servlets\apache-tomcat-10.0.5\webapps\serlvets-1.0.war] has finished in [1 557] ms
11-Apr-2021 11:43:50.697 INFO [main] org.apache.catalina.startup.HostConfig.deployDirectory Установка веб приложения в папку [C:\Users\01\IdeaProjects\02. Servlets\apache-tomcat-10.0.5\webapps\docs]
11-Apr-2021 11:43:50.713 INFO [main] org.apache.catalina.startup.HostConfig.deployDirectory Deployment of web application directory [C:\Users\01\IdeaProjects\02. Servlets\apache-tomcat-10.0.5\webapps\docs] has finished in [16] ms
11-Apr-2021 11:43:50.713 INFO [main] org.apache.catalina.startup.HostConfig.deployDirectory Установка веб приложения в папку [C:\Users\01\IdeaProjects\02. Servlets\apache-tomcat-10.0.5\webapps\examples]
11-Apr-2021 11:43:51.001 INFO [main] org.apache.catalina.startup.HostConfig.deployDirectory Deployment of web application directory [C:\Users\01\IdeaProjects\02. Servlets\apache-tomcat-10.0.5\webapps\examples] has finished in [288] ms
11-Apr-2021 11:43:51.001 INFO [main] org.apache.catalina.startup.HostConfig.deployDirectory Установка веб приложения в папку [C:\Users\01\IdeaProjects\02. Servlets\apache-tomcat-10.0.5\webapps\host-manager]
11-Apr-2021 11:43:51.047 INFO [main] org.apache.catalina.startup.HostConfig.deployDirectory Deployment of web application directory [C:\Users\01\IdeaProjects\02. Servlets\apache-tomcat-10.0.5\webapps\host-manager] has finished in [46] ms
11-Apr-2021 11:43:51.047 INFO [main] org.apache.catalina.startup.HostConfig.deployDirectory Установка веб приложения в папку [C:\Users\01\IdeaProjects\02. Servlets\apache-tomcat-10.0.5\webapps\manager]
11-Apr-2021 11:43:51.063 INFO [main] org.apache.catalina.startup.HostConfig.deployDirectory Deployment of web application directory [C:\Users\01\IdeaProjects\02. Servlets\apache-tomcat-10.0.5\webapps\manager] has finished in [16] ms
11-Apr-2021 11:43:51.063 INFO [main] org.apache.catalina.startup.HostConfig.deployDirectory Установка веб приложения в папку [C:\Users\01\IdeaProjects\02. Servlets\apache-tomcat-10.0.5\webapps\ROOT]
11-Apr-2021 11:43:51.094 INFO [main] org.apache.catalina.startup.HostConfig.deployDirectory Deployment of web application directory [C:\Users\01\IdeaProjects\02. Servlets\apache-tomcat-10.0.5\webapps\ROOT] has finished in [31] ms
11-Apr-2021 11:43:51.094 INFO [main] org.apache.coyote.AbstractProtocol.start Starting ProtocolHandler ["http-nio-8080"]
11-Apr-2021 11:43:51.139 INFO [main] org.apache.catalina.startup.Catalina.start Server startup in [2059] milliseconds
11-Apr-2021 11:44:04.876 INFO [Thread-2] org.apache.coyote.AbstractProtocol.pause Pausing ProtocolHandler ["http-nio-8080"]
11-Apr-2021 11:44:04.889 INFO [Thread-2] org.apache.catalina.core.StandardService.stopInternal Stopping service [Catalina]
11-Apr-2021 11:44:04.908 INFO [Thread-2] org.apache.coyote.AbstractProtocol.stop Stopping ProtocolHandler ["http-nio-8080"]
11-Apr-2021 11:44:04.936 INFO [Thread-2] org.apache.coyote.AbstractProtocol.destroy Destroying ProtocolHandler ["http-nio-8080"]
11-Apr-2021 11:44:11.341 INFO [main] org.apache.catalina.startup.VersionLoggerListener.log Server version name:   Apache Tomcat/10.0.5
11-Apr-2021 11:44:11.345 INFO [main] org.apache.catalina.startup.VersionLoggerListener.log Server built:          Mar 30 2021 08:19:50 UTC
11-Apr-2021 11:44:11.345 INFO [main] org.apache.catalina.startup.VersionLoggerListener.log Server version number: 10.0.5.0
11-Apr-2021 11:44:11.345 INFO [main] org.apache.catalina.startup.VersionLoggerListener.log OS Name:               Windows 10
11-Apr-2021 11:44:11.346 INFO [main] org.apache.catalina.startup.VersionLoggerListener.log Версия ОС:             10.0
11-Apr-2021 11:44:11.346 INFO [main] org.apache.catalina.startup.VersionLoggerListener.log Архитектура:           amd64
11-Apr-2021 11:44:11.346 INFO [main] org.apache.catalina.startup.VersionLoggerListener.log Java Home:             C:\Program Files\Java\jdk-16
11-Apr-2021 11:44:11.346 INFO [main] org.apache.catalina.startup.VersionLoggerListener.log Версия JVM:            16+36-2231
11-Apr-2021 11:44:11.346 INFO [main] org.apache.catalina.startup.VersionLoggerListener.log JVM Vendor:            Oracle Corporation
11-Apr-2021 11:44:11.346 INFO [main] org.apache.catalina.startup.VersionLoggerListener.log CATALINA_BASE:         C:\Users\01\IdeaProjects\02. Servlets\apache-tomcat-10.0.5
11-Apr-2021 11:44:11.346 INFO [main] org.apache.catalina.startup.VersionLoggerListener.log CATALINA_HOME:         C:\Users\01\IdeaProjects\02. Servlets\apache-tomcat-10.0.5
11-Apr-2021 11:44:11.357 INFO [main] org.apache.catalina.startup.VersionLoggerListener.log Command line argument: --add-opens=java.base/java.lang=ALL-UNNAMED
11-Apr-2021 11:44:11.357 INFO [main] org.apache.catalina.startup.VersionLoggerListener.log Command line argument: --add-opens=java.base/java.io=ALL-UNNAMED
11-Apr-2021 11:44:11.357 INFO [main] org.apache.catalina.startup.VersionLoggerListener.log Command line argument: --add-opens=java.base/java.util=ALL-UNNAMED
11-Apr-2021 11:44:11.357 INFO [main] org.apache.catalina.startup.VersionLoggerListener.log Command line argument: --add-opens=java.base/java.util.concurrent=ALL-UNNAMED
11-Apr-2021 11:44:11.357 INFO [main] org.apache.catalina.startup.VersionLoggerListener.log Command line argument: --add-opens=java.rmi/sun.rmi.transport=ALL-UNNAMED
11-Apr-2021 11:44:11.357 INFO [main] org.apache.catalina.startup.VersionLoggerListener.log Command line argument: -Djava.util.logging.config.file=C:\Users\01\IdeaProjects\02. Servlets\apache-tomcat-10.0.5\conf\logging.properties
11-Apr-2021 11:44:11.357 INFO [main] org.apache.catalina.startup.VersionLoggerListener.log Command line argument: -Djava.util.logging.manager=org.apache.juli.ClassLoaderLogManager
11-Apr-2021 11:44:11.358 INFO [main] org.apache.catalina.startup.VersionLoggerListener.log Command line argument: -Djdk.tls.ephemeralDHKeySize=2048
11-Apr-2021 11:44:11.358 INFO [main] org.apache.catalina.startup.VersionLoggerListener.log Command line argument: -Djava.protocol.handler.pkgs=org.apache.catalina.webresources
11-Apr-2021 11:44:11.358 INFO [main] org.apache.catalina.startup.VersionLoggerListener.log Command line argument: -Dignore.endorsed.dirs=
11-Apr-2021 11:44:11.358 INFO [main] org.apache.catalina.startup.VersionLoggerListener.log Command line argument: -Dcatalina.base=C:\Users\01\IdeaProjects\02. Servlets\apache-tomcat-10.0.5
11-Apr-2021 11:44:11.358 INFO [main] org.apache.catalina.startup.VersionLoggerListener.log Command line argument: -Dcatalina.home=C:\Users\01\IdeaProjects\02. Servlets\apache-tomcat-10.0.5
11-Apr-2021 11:44:11.358 INFO [main] org.apache.catalina.startup.VersionLoggerListener.log Command line argument: -Djava.io.tmpdir=C:\Users\01\IdeaProjects\02. Servlets\apache-tomcat-10.0.5\temp
11-Apr-2021 11:44:11.362 INFO [main] org.apache.catalina.core.AprLifecycleListener.lifecycleEvent The Apache Tomcat Native library which allows using OpenSSL was not found on the java.library.path: [C:\Program Files\Java\jdk-16\bin;C:\Windows\Sun\Java\bin;C:\Windows\system32;C:\Windows;C:\Users\01\bin;C:\Program Files\Git\mingw64\bin;C:\Program Files\Git\usr\local\bin;C:\Program Files\Git\usr\bin;C:\Program Files\Git\usr\bin;C:\Program Files\Git\mingw64\bin;C:\Program Files\Git\usr\bin;C:\Users\01\bin;C:\Program Files\Common Files\Oracle\Java\javapath;C:\Program Files (x86)\Common Files\Oracle\Java\javapath;C:\Windows\system32;C:\Windows;C:\Windows\System32\Wbem;C:\Windows\System32\WindowsPowerShell\v1.0;C:\Windows\System32\OpenSSH;C:\Program Files (x86)\NVIDIA Corporation\PhysX\Common;C:\Program Files\NVIDIA Corporation\NVIDIA NvDLISR;C:\Program Files\Git\cmd;C:\Program Files\Docker\Docker\resources\bin;C:\ProgramData\DockerDesktop\version-bin;C:\Program Files\Kubernetes\Minikube;C:\Program Files\MySQL\MySQL Shell 8.0\bin;C:\Users\01\AppData\Local\Microsoft\WindowsApps;C:\Program Files\Git\usr\bin\vendor_perl;C:\Program Files\Git\usr\bin\core_perl;.]
11-Apr-2021 11:44:11.560 INFO [main] org.apache.coyote.AbstractProtocol.init Initializing ProtocolHandler ["http-nio-8080"]
11-Apr-2021 11:44:11.577 INFO [main] org.apache.catalina.startup.Catalina.load Server initialization in [379] milliseconds
11-Apr-2021 11:44:11.607 INFO [main] org.apache.catalina.core.StandardService.startInternal Starting service [Catalina]
11-Apr-2021 11:44:11.607 INFO [main] org.apache.catalina.core.StandardEngine.startInternal Starting Servlet engine: [Apache Tomcat/10.0.5]
11-Apr-2021 11:44:11.625 WARNING [main] org.apache.catalina.core.StandardContext.setPath A context path must either be an empty string or start with a '/' and do not end with a '/'. The path [/] does not meet these criteria and has been changed to []
11-Apr-2021 11:44:11.627 INFO [main] org.apache.catalina.startup.HostConfig.deployWAR Deploying web application archive [C:\Users\01\IdeaProjects\02. Servlets\apache-tomcat-10.0.5\webapps\serlvets-1.0.war]
11-Apr-2021 11:44:12.419 INFO [main] org.apache.jasper.servlet.TldScanner.scanJars At least one JAR was scanned for TLDs yet contained no TLDs. Enable debug logging for this logger for a complete list of JARs that were scanned but no TLDs were found in them. Skipping unneeded JARs during scanning can improve startup time and JSP compilation time.
11-Apr-2021 11:44:13.117 INFO [main] org.apache.catalina.startup.HostConfig.deployWAR Deployment of web application archive [C:\Users\01\IdeaProjects\02. Servlets\apache-tomcat-10.0.5\webapps\serlvets-1.0.war] has finished in [1 489] ms
11-Apr-2021 11:44:13.118 INFO [main] org.apache.catalina.startup.HostConfig.deployDirectory Установка веб приложения в папку [C:\Users\01\IdeaProjects\02. Servlets\apache-tomcat-10.0.5\webapps\docs]
11-Apr-2021 11:44:13.138 INFO [main] org.apache.catalina.startup.HostConfig.deployDirectory Deployment of web application directory [C:\Users\01\IdeaProjects\02. Servlets\apache-tomcat-10.0.5\webapps\docs] has finished in [20] ms
11-Apr-2021 11:44:13.138 INFO [main] org.apache.catalina.startup.HostConfig.deployDirectory Установка веб приложения в папку [C:\Users\01\IdeaProjects\02. Servlets\apache-tomcat-10.0.5\webapps\examples]
11-Apr-2021 11:44:13.416 INFO [main] org.apache.catalina.startup.HostConfig.deployDirectory Deployment of web application directory [C:\Users\01\IdeaProjects\02. Servlets\apache-tomcat-10.0.5\webapps\examples] has finished in [278] ms
11-Apr-2021 11:44:13.416 INFO [main] org.apache.catalina.startup.HostConfig.deployDirectory Установка веб приложения в папку [C:\Users\01\IdeaProjects\02. Servlets\apache-tomcat-10.0.5\webapps\host-manager]
11-Apr-2021 11:44:13.464 INFO [main] org.apache.catalina.startup.HostConfig.deployDirectory Deployment of web application directory [C:\Users\01\IdeaProjects\02. Servlets\apache-tomcat-10.0.5\webapps\host-manager] has finished in [47] ms
11-Apr-2021 11:44:13.464 INFO [main] org.apache.catalina.startup.HostConfig.deployDirectory Установка веб приложения в папку [C:\Users\01\IdeaProjects\02. Servlets\apache-tomcat-10.0.5\webapps\manager]
11-Apr-2021 11:44:13.489 INFO [main] org.apache.catalina.startup.HostConfig.deployDirectory Deployment of web application directory [C:\Users\01\IdeaProjects\02. Servlets\apache-tomcat-10.0.5\webapps\manager] has finished in [24] ms
11-Apr-2021 11:44:13.489 INFO [main] org.apache.catalina.startup.HostConfig.deployDirectory Установка веб приложения в папку [C:\Users\01\IdeaProjects\02. Servlets\apache-tomcat-10.0.5\webapps\ROOT]
11-Apr-2021 11:44:13.511 INFO [main] org.apache.catalina.startup.HostConfig.deployDirectory Deployment of web application directory [C:\Users\01\IdeaProjects\02. Servlets\apache-tomcat-10.0.5\webapps\ROOT] has finished in [22] ms
11-Apr-2021 11:44:13.513 INFO [main] org.apache.coyote.AbstractProtocol.start Starting ProtocolHandler ["http-nio-8080"]
11-Apr-2021 11:44:13.560 INFO [main] org.apache.catalina.startup.Catalina.start Server startup in [1982] milliseconds
11-Apr-2021 11:44:57.764 INFO [Thread-2] org.apache.coyote.AbstractProtocol.pause Pausing ProtocolHandler ["http-nio-8080"]
11-Apr-2021 11:44:57.791 INFO [Thread-2] org.apache.catalina.core.StandardService.stopInternal Stopping service [Catalina]
11-Apr-2021 11:44:57.809 INFO [Thread-2] org.apache.coyote.AbstractProtocol.stop Stopping ProtocolHandler ["http-nio-8080"]
11-Apr-2021 11:44:57.840 INFO [Thread-2] org.apache.coyote.AbstractProtocol.destroy Destroying ProtocolHandler ["http-nio-8080"]
11-Apr-2021 11:46:05.422 INFO [main] org.apache.catalina.startup.VersionLoggerListener.log Server version name:   Apache Tomcat/10.0.5
11-Apr-2021 11:46:05.425 INFO [main] org.apache.catalina.startup.VersionLoggerListener.log Server built:          Mar 30 2021 08:19:50 UTC
11-Apr-2021 11:46:05.425 INFO [main] org.apache.catalina.startup.VersionLoggerListener.log Server version number: 10.0.5.0
11-Apr-2021 11:46:05.426 INFO [main] org.apache.catalina.startup.VersionLoggerListener.log OS Name:               Windows 10
11-Apr-2021 11:46:05.426 INFO [main] org.apache.catalina.startup.VersionLoggerListener.log Версия ОС:             10.0
11-Apr-2021 11:46:05.426 INFO [main] org.apache.catalina.startup.VersionLoggerListener.log Архитектура:           amd64
11-Apr-2021 11:46:05.426 INFO [main] org.apache.catalina.startup.VersionLoggerListener.log Java Home:             C:\Program Files\Java\jdk-16
11-Apr-2021 11:46:05.426 INFO [main] org.apache.catalina.startup.VersionLoggerListener.log Версия JVM:            16+36-2231
11-Apr-2021 11:46:05.426 INFO [main] org.apache.catalina.startup.VersionLoggerListener.log JVM Vendor:            Oracle Corporation
11-Apr-2021 11:46:05.426 INFO [main] org.apache.catalina.startup.VersionLoggerListener.log CATALINA_BASE:         C:\Users\01\IdeaProjects\02. Servlets\apache-tomcat-10.0.5
11-Apr-2021 11:46:05.426 INFO [main] org.apache.catalina.startup.VersionLoggerListener.log CATALINA_HOME:         C:\Users\01\IdeaProjects\02. Servlets\apache-tomcat-10.0.5
11-Apr-2021 11:46:05.438 INFO [main] org.apache.catalina.startup.VersionLoggerListener.log Command line argument: --add-opens=java.base/java.lang=ALL-UNNAMED
11-Apr-2021 11:46:05.439 INFO [main] org.apache.catalina.startup.VersionLoggerListener.log Command line argument: --add-opens=java.base/java.io=ALL-UNNAMED
11-Apr-2021 11:46:05.439 INFO [main] org.apache.catalina.startup.VersionLoggerListener.log Command line argument: --add-opens=java.base/java.util=ALL-UNNAMED
11-Apr-2021 11:46:05.439 INFO [main] org.apache.catalina.startup.VersionLoggerListener.log Command line argument: --add-opens=java.base/java.util.concurrent=ALL-UNNAMED
11-Apr-2021 11:46:05.439 INFO [main] org.apache.catalina.startup.VersionLoggerListener.log Command line argument: --add-opens=java.rmi/sun.rmi.transport=ALL-UNNAMED
11-Apr-2021 11:46:05.439 INFO [main] org.apache.catalina.startup.VersionLoggerListener.log Command line argument: -Djava.util.logging.config.file=C:\Users\01\IdeaProjects\02. Servlets\apache-tomcat-10.0.5\conf\logging.properties
11-Apr-2021 11:46:05.439 INFO [main] org.apache.catalina.startup.VersionLoggerListener.log Command line argument: -Djava.util.logging.manager=org.apache.juli.ClassLoaderLogManager
11-Apr-2021 11:46:05.439 INFO [main] org.apache.catalina.startup.VersionLoggerListener.log Command line argument: -Djdk.tls.ephemeralDHKeySize=2048
11-Apr-2021 11:46:05.439 INFO [main] org.apache.catalina.startup.VersionLoggerListener.log Command line argument: -Djava.protocol.handler.pkgs=org.apache.catalina.webresources
11-Apr-2021 11:46:05.439 INFO [main] org.apache.catalina.startup.VersionLoggerListener.log Command line argument: -Dignore.endorsed.dirs=
11-Apr-2021 11:46:05.439 INFO [main] org.apache.catalina.startup.VersionLoggerListener.log Command line argument: -Dcatalina.base=C:\Users\01\IdeaProjects\02. Servlets\apache-tomcat-10.0.5
11-Apr-2021 11:46:05.439 INFO [main] org.apache.catalina.startup.VersionLoggerListener.log Command line argument: -Dcatalina.home=C:\Users\01\IdeaProjects\02. Servlets\apache-tomcat-10.0.5
11-Apr-2021 11:46:05.439 INFO [main] org.apache.catalina.startup.VersionLoggerListener.log Command line argument: -Djava.io.tmpdir=C:\Users\01\IdeaProjects\02. Servlets\apache-tomcat-10.0.5\temp
11-Apr-2021 11:46:05.444 INFO [main] org.apache.catalina.core.AprLifecycleListener.lifecycleEvent The Apache Tomcat Native library which allows using OpenSSL was not found on the java.library.path: [C:\Program Files\Java\jdk-16\bin;C:\Windows\Sun\Java\bin;C:\Windows\system32;C:\Windows;C:\Users\01\bin;C:\Program Files\Git\mingw64\bin;C:\Program Files\Git\usr\local\bin;C:\Program Files\Git\usr\bin;C:\Program Files\Git\usr\bin;C:\Program Files\Git\mingw64\bin;C:\Program Files\Git\usr\bin;C:\Users\01\bin;C:\Program Files\Common Files\Oracle\Java\javapath;C:\Program Files (x86)\Common Files\Oracle\Java\javapath;C:\Windows\system32;C:\Windows;C:\Windows\System32\Wbem;C:\Windows\System32\WindowsPowerShell\v1.0;C:\Windows\System32\OpenSSH;C:\Program Files (x86)\NVIDIA Corporation\PhysX\Common;C:\Program Files\NVIDIA Corporation\NVIDIA NvDLISR;C:\Program Files\Git\cmd;C:\Program Files\Docker\Docker\resources\bin;C:\ProgramData\DockerDesktop\version-bin;C:\Program Files\Kubernetes\Minikube;C:\Program Files\MySQL\MySQL Shell 8.0\bin;C:\Users\01\AppData\Local\Microsoft\WindowsApps;C:\Program Files\Git\usr\bin\vendor_perl;C:\Program Files\Git\usr\bin\core_perl;.]
11-Apr-2021 11:46:05.641 INFO [main] org.apache.coyote.AbstractProtocol.init Initializing ProtocolHandler ["http-nio-8080"]
11-Apr-2021 11:46:05.658 INFO [main] org.apache.catalina.startup.Catalina.load Server initialization in [382] milliseconds
11-Apr-2021 11:46:05.686 INFO [main] org.apache.catalina.core.StandardService.startInternal Starting service [Catalina]
11-Apr-2021 11:46:05.686 INFO [main] org.apache.catalina.core.StandardEngine.startInternal Starting Servlet engine: [Apache Tomcat/10.0.5]
11-Apr-2021 11:46:05.704 WARNING [main] org.apache.catalina.core.StandardContext.setPath A context path must either be an empty string or start with a '/' and do not end with a '/'. The path [/] does not meet these criteria and has been changed to []
11-Apr-2021 11:46:05.705 INFO [main] org.apache.catalina.startup.HostConfig.deployWAR Deploying web application archive [C:\Users\01\IdeaProjects\02. Servlets\apache-tomcat-10.0.5\webapps\ROOT.war]
11-Apr-2021 11:46:06.602 INFO [main] org.apache.jasper.servlet.TldScanner.scanJars At least one JAR was scanned for TLDs yet contained no TLDs. Enable debug logging for this logger for a complete list of JARs that were scanned but no TLDs were found in them. Skipping unneeded JARs during scanning can improve startup time and JSP compilation time.
11-Apr-2021 11:46:07.270 INFO [main] org.apache.catalina.startup.HostConfig.deployWAR Deployment of web application archive [C:\Users\01\IdeaProjects\02. Servlets\apache-tomcat-10.0.5\webapps\ROOT.war] has finished in [1 563] ms
11-Apr-2021 11:46:07.272 INFO [main] org.apache.coyote.AbstractProtocol.start Starting ProtocolHandler ["http-nio-8080"]
11-Apr-2021 11:46:07.315 INFO [main] org.apache.catalina.startup.Catalina.start Server startup in [1656] milliseconds
11-Apr-2021 11:46:33.490 INFO [Thread-2] org.apache.coyote.AbstractProtocol.pause Pausing ProtocolHandler ["http-nio-8080"]
11-Apr-2021 11:46:33.510 INFO [Thread-2] org.apache.catalina.core.StandardService.stopInternal Stopping service [Catalina]
11-Apr-2021 11:46:33.516 WARNING [Thread-2] org.apache.catalina.loader.WebappClassLoaderBase.clearReferencesJdbc The web application [ROOT] registered the JDBC driver [org.postgresql.Driver] but failed to unregister it when the web application was stopped. To prevent a memory leak, the JDBC Driver has been forcibly unregistered.
11-Apr-2021 11:46:33.525 INFO [Thread-2] org.apache.coyote.AbstractProtocol.stop Stopping ProtocolHandler ["http-nio-8080"]
11-Apr-2021 11:46:33.558 INFO [Thread-2] org.apache.coyote.AbstractProtocol.destroy Destroying ProtocolHandler ["http-nio-8080"]
